<?xml version="1.0" encoding="UTF-8"?>
<!-- Generated by org.testng.reporters.JUnitReportReporter -->
<testsuite hostname="Hamzas-MacBook-Air.local" failures="0" tests="5" name="tests.Tests" time="271.019" errors="0" timestamp="2023-03-27T23:26:17 PKT" skipped="0">
  <testcase classname="tests.Tests" name="firsttestcase" time="69.474"/>
  <system-out/>
  <testcase classname="tests.Tests" name="secondtestcase" time="76.218"/>
  <system-out/>
  <testcase classname="tests.Tests" name="thirddtestcase" time="26.415"/>
  <system-out/>
  <testcase classname="tests.Tests" name="fourthtestcase" time="40.038"/>
  <system-out/>
  <testcase classname="tests.Tests" name="fifthtestcase" time="58.874"/>
  <system-out/>
</testsuite> <!-- tests.Tests -->
