<?xml version="1.0" encoding="UTF-8"?>
<!-- Generated by org.testng.reporters.JUnitReportReporter -->
<testsuite hostname="Hamzas-MacBook-Air.local" failures="0" tests="1" name="tests.BaseClass" time="0.014" errors="0" timestamp="2023-03-05T15:16:20 PKT" skipped="0">
  <testcase classname="tests.BaseClass" name="sampletestcase" time="0.014"/>
  <system-out/>
</testsuite> <!-- tests.BaseClass -->
