<?xml version="1.0" encoding="UTF-8"?>
<!-- Generated by org.testng.reporters.JUnitReportReporter -->
<testsuite hostname="Hamzas-MacBook-Air.local" failures="0" tests="6" name="tests.Recruiter_Tests" time="261.853" errors="0" timestamp="2023-03-29T16:39:28 PKT" skipped="0">
  <testcase classname="tests.Recruiter_Tests" name="firsttestcase" time="69.169"/>
  <system-out/>
  <testcase classname="tests.Recruiter_Tests" name="secondtestcase" time="27.944"/>
  <system-out/>
  <testcase classname="tests.Recruiter_Tests" name="thirddtestcase" time="25.859"/>
  <system-out/>
  <testcase classname="tests.Recruiter_Tests" name="fourthtestcase" time="43.353"/>
  <system-out/>
  <testcase classname="tests.Recruiter_Tests" name="fifthtestcase" time="39.401"/>
  <system-out/>
  <testcase classname="tests.Recruiter_Tests" name="sixthtestcase" time="56.127"/>
  <system-out/>
</testsuite> <!-- tests.Recruiter_Tests -->
