<?xml version="1.0" encoding="UTF-8"?>
<!-- Generated by org.testng.reporters.JUnitReportReporter -->
<testsuite hostname="Hamzas-MacBook-Air.local" failures="0" tests="5" name="tests.Tests" time="269.444" errors="0" timestamp="2023-03-28T13:52:39 PKT" skipped="0">
  <testcase classname="tests.Tests" name="firsttestcase" time="69.615"/>
  <system-out/>
  <testcase classname="tests.Tests" name="secondtestcase" time="74.862"/>
  <system-out/>
  <testcase classname="tests.Tests" name="thirddtestcase" time="26.228"/>
  <system-out/>
  <testcase classname="tests.Tests" name="fourthtestcase" time="39.823"/>
  <system-out/>
  <testcase classname="tests.Tests" name="fifthtestcase" time="58.916"/>
  <system-out/>
</testsuite> <!-- tests.Tests -->
