<?xml version="1.0" encoding="UTF-8"?>
<!-- Generated by org.testng.reporters.JUnitReportReporter -->
<testsuite hostname="Hamzas-MacBook-Air.local" failures="0" tests="4" name="tests.Fan_Tests" time="166.810" errors="0" timestamp="2023-03-30T12:43:17 PKT" skipped="0">
  <testcase classname="tests.Fan_Tests" name="firsttestcase" time="69.774"/>
  <system-out/>
  <testcase classname="tests.Fan_Tests" name="secondtestcase" time="31.342"/>
  <system-out/>
  <testcase classname="tests.Fan_Tests" name="thirddtestcase" time="26.261"/>
  <system-out/>
  <testcase classname="tests.Fan_Tests" name="fourthtestcase" time="39.433"/>
  <system-out/>
</testsuite> <!-- tests.Fan_Tests -->
