<?xml version="1.0" encoding="UTF-8"?>
<!-- Generated by org.testng.reporters.JUnitReportReporter -->
<testsuite hostname="Hamzas-MacBook-Air.local" failures="0" tests="6" name="tests.Recruiter_Tests" time="261.787" errors="0" timestamp="2023-03-30T12:49:59 PKT" skipped="0">
  <testcase classname="tests.Recruiter_Tests" name="firsttestcase" time="68.814"/>
  <system-out/>
  <testcase classname="tests.Recruiter_Tests" name="secondtestcase" time="28.439"/>
  <system-out/>
  <testcase classname="tests.Recruiter_Tests" name="thirddtestcase" time="26.373"/>
  <system-out/>
  <testcase classname="tests.Recruiter_Tests" name="fourthtestcase" time="42.815"/>
  <system-out/>
  <testcase classname="tests.Recruiter_Tests" name="fifthtestcase" time="39.316"/>
  <system-out/>
  <testcase classname="tests.Recruiter_Tests" name="sixthtestcase" time="56.030"/>
  <system-out/>
</testsuite> <!-- tests.Recruiter_Tests -->
